<?xml version="1.0" encoding="UTF-8"?>
<coverage generated="1781840388763" clover="3.2.0">
  <project timestamp="1781840388763" name="All files">
    <metrics statements="115" coveredstatements="55" conditionals="31" coveredconditionals="20" methods="15" coveredmethods="6" elements="161" coveredelements="81" complexity="0" loc="115" ncloc="115" packages="1" files="1" classes="1"/>
    <file name="server.js" path="C:\Users\User\Documents\pet-app\Projeto-PW\backend\server.js">
      <metrics statements="115" coveredstatements="55" conditionals="31" coveredconditionals="20" methods="15" coveredmethods="6"/>
      <line num="8" count="3" type="stmt"/>
      <line num="9" count="3" type="cond" truecount="1" falsecount="1"/>
      <line num="11" count="3" type="stmt"/>
      <line num="12" count="3" type="stmt"/>
      <line num="14" count="3" type="stmt"/>
      <line num="16" count="0" type="stmt"/>
      <line num="20" count="0" type="stmt"/>
      <line num="21" count="0" type="stmt"/>
      <line num="24" count="3" type="stmt"/>
      <line num="26" count="3" type="stmt"/>
      <line num="33" count="3" type="stmt"/>
      <line num="36" count="3" type="stmt"/>
      <line num="37" count="2" type="stmt"/>
      <line num="38" count="2" type="stmt"/>
      <line num="39" count="2" type="stmt"/>
      <line num="41" count="0" type="stmt"/>
      <line num="42" count="0" type="stmt"/>
      <line num="47" count="3" type="stmt"/>
      <line num="48" count="3" type="stmt"/>
      <line num="49" count="3" type="cond" truecount="7" falsecount="0"/>
      <line num="50" count="1" type="stmt"/>
      <line num="53" count="2" type="cond" truecount="1" falsecount="1"/>
      <line num="55" count="2" type="stmt"/>
      <line num="56" count="2" type="stmt"/>
      <line num="60" count="0" type="stmt"/>
      <line num="64" count="2" type="stmt"/>
      <line num="65" count="2" type="stmt"/>
      <line num="69" count="3" type="stmt"/>
      <line num="70" count="1" type="stmt"/>
      <line num="71" count="1" type="stmt"/>
      <line num="73" count="1" type="stmt"/>
      <line num="74" count="1" type="cond" truecount="1" falsecount="1"/>
      <line num="75" count="0" type="stmt"/>
      <line num="76" count="0" type="stmt"/>
      <line num="81" count="1" type="stmt"/>
      <line num="86" count="1" type="stmt"/>
      <line num="88" count="0" type="stmt"/>
      <line num="89" count="0" type="stmt"/>
      <line num="93" count="3" type="stmt"/>
      <line num="94" count="1" type="stmt"/>
      <line num="95" count="1" type="stmt"/>
      <line num="96" count="1" type="stmt"/>
      <line num="97" count="0" type="stmt"/>
      <line num="99" count="1" type="stmt"/>
      <line num="100" count="1" type="stmt"/>
      <line num="107" count="3" type="stmt"/>
      <line num="108" count="0" type="stmt"/>
      <line num="109" count="0" type="stmt"/>
      <line num="122" count="0" type="stmt"/>
      <line num="123" count="0" type="stmt"/>
      <line num="125" count="0" type="stmt"/>
      <line num="126" count="0" type="stmt"/>
      <line num="132" count="3" type="stmt"/>
      <line num="133" count="1" type="stmt"/>
      <line num="135" count="1" type="stmt"/>
      <line num="136" count="1" type="stmt"/>
      <line num="137" count="1" type="stmt"/>
      <line num="139" count="1" type="cond" truecount="1" falsecount="1"/>
      <line num="140" count="0" type="stmt"/>
      <line num="141" count="0" type="stmt"/>
      <line num="144" count="1" type="stmt"/>
      <line num="145" count="1" type="stmt"/>
      <line num="157" count="1" type="stmt"/>
      <line num="159" count="0" type="stmt"/>
      <line num="160" count="0" type="stmt"/>
      <line num="165" count="3" type="stmt"/>
      <line num="166" count="0" type="stmt"/>
      <line num="167" count="0" type="stmt"/>
      <line num="169" count="0" type="stmt"/>
      <line num="170" count="0" type="stmt"/>
      <line num="183" count="0" type="stmt"/>
      <line num="194" count="0" type="stmt"/>
      <line num="196" count="0" type="stmt"/>
      <line num="197" count="0" type="stmt"/>
      <line num="202" count="3" type="stmt"/>
      <line num="203" count="0" type="stmt"/>
      <line num="205" count="0" type="stmt"/>
      <line num="206" count="0" type="stmt"/>
      <line num="207" count="0" type="stmt"/>
      <line num="209" count="0" type="stmt"/>
      <line num="210" count="0" type="stmt"/>
      <line num="216" count="3" type="stmt"/>
      <line num="218" count="0" type="stmt"/>
      <line num="220" count="0" type="stmt"/>
      <line num="221" count="0" type="stmt"/>
      <line num="222" count="0" type="stmt"/>
      <line num="223" count="0" type="stmt"/>
      <line num="225" count="0" type="stmt"/>
      <line num="226" count="0" type="stmt"/>
      <line num="230" count="3" type="stmt"/>
      <line num="231" count="0" type="stmt"/>
      <line num="232" count="0" type="stmt"/>
      <line num="233" count="0" type="stmt"/>
      <line num="234" count="0" type="stmt"/>
      <line num="235" count="0" type="stmt"/>
      <line num="236" count="0" type="stmt"/>
      <line num="238" count="0" type="stmt"/>
      <line num="239" count="0" type="stmt"/>
      <line num="243" count="3" type="stmt"/>
      <line num="244" count="0" type="stmt"/>
      <line num="245" count="0" type="stmt"/>
      <line num="246" count="0" type="stmt"/>
      <line num="247" count="0" type="stmt"/>
      <line num="249" count="0" type="stmt"/>
      <line num="250" count="0" type="stmt"/>
      <line num="257" count="3" type="stmt"/>
      <line num="258" count="1" type="stmt"/>
      <line num="259" count="1" type="stmt"/>
      <line num="273" count="1" type="stmt"/>
      <line num="274" count="1" type="stmt"/>
      <line num="276" count="0" type="stmt"/>
      <line num="277" count="0" type="stmt"/>
      <line num="281" count="3" type="cond" truecount="1" falsecount="1"/>
      <line num="282" count="0" type="stmt"/>
      <line num="283" count="0" type="stmt"/>
    </file>
  </project>
</coverage>
