{"C:\\Users\\User\\Documents\\pet-app\\Projeto-PW\\backend\\server.js": {"path":"C:\\Users\\User\\Documents\\pet-app\\Projeto-PW\\backend\\server.js","statementMap":{"0":{"start":{"line":8,"column":12},"end":{"line":8,"column":21}},"1":{"start":{"line":9,"column":13},"end":{"line":9,"column":37}},"2":{"start":{"line":11,"column":0},"end":{"line":11,"column":16}},"3":{"start":{"line":12,"column":0},"end":{"line":12,"column":24}},"4":{"start":{"line":14,"column":16},"end":{"line":23,"column":2}},"5":{"start":{"line":16,"column":4},"end":{"line":16,"column":44}},"6":{"start":{"line":20,"column":25},"end":{"line":20,"column":75}},"7":{"start":{"line":21,"column":4},"end":{"line":21,"column":61}},"8":{"start":{"line":24,"column":15},"end":{"line":24,"column":43}},"9":{"start":{"line":26,"column":11},"end":{"line":31,"column":2}},"10":{"start":{"line":33,"column":0},"end":{"line":33,"column":38}},"11":{"start":{"line":36,"column":0},"end":{"line":44,"column":3}},"12":{"start":{"line":37,"column":2},"end":{"line":43,"column":3}},"13":{"start":{"line":38,"column":19},"end":{"line":38,"column":55}},"14":{"start":{"line":39,"column":4},"end":{"line":39,"column":19}},"15":{"start":{"line":41,"column":4},"end":{"line":41,"column":49}},"16":{"start":{"line":42,"column":4},"end":{"line":42,"column":74}},"17":{"start":{"line":47,"column":0},"end":{"line":67,"column":3}},"18":{"start":{"line":48,"column":54},"end":{"line":48,"column":62}},"19":{"start":{"line":49,"column":0},"end":{"line":51,"column":1}},"20":{"start":{"line":50,"column":2},"end":{"line":50,"column":81}},"21":{"start":{"line":53,"column":21},"end":{"line":53,"column":70}},"22":{"start":{"line":55,"column":2},"end":{"line":66,"column":3}},"23":{"start":{"line":56,"column":21},"end":{"line":59,"column":5}},"24":{"start":{"line":60,"column":4},"end":{"line":62,"column":7}},"25":{"start":{"line":64,"column":4},"end":{"line":64,"column":25}},"26":{"start":{"line":65,"column":4},"end":{"line":65,"column":62}},"27":{"start":{"line":69,"column":0},"end":{"line":91,"column":3}},"28":{"start":{"line":70,"column":17},"end":{"line":70,"column":27}},"29":{"start":{"line":71,"column":54},"end":{"line":71,"column":62}},"30":{"start":{"line":73,"column":2},"end":{"line":90,"column":3}},"31":{"start":{"line":74,"column":4},"end":{"line":85,"column":5}},"32":{"start":{"line":75,"column":25},"end":{"line":75,"column":56}},"33":{"start":{"line":76,"column":6},"end":{"line":79,"column":8}},"34":{"start":{"line":81,"column":6},"end":{"line":84,"column":8}},"35":{"start":{"line":86,"column":4},"end":{"line":86,"column":57}},"36":{"start":{"line":88,"column":4},"end":{"line":88,"column":25}},"37":{"start":{"line":89,"column":4},"end":{"line":89,"column":62}},"38":{"start":{"line":93,"column":0},"end":{"line":102,"column":3}},"39":{"start":{"line":94,"column":17},"end":{"line":94,"column":27}},"40":{"start":{"line":95,"column":2},"end":{"line":101,"column":3}},"41":{"start":{"line":96,"column":4},"end":{"line":96,"column":58}},"42":{"start":{"line":97,"column":4},"end":{"line":97,"column":55}},"43":{"start":{"line":99,"column":4},"end":{"line":99,"column":25}},"44":{"start":{"line":100,"column":4},"end":{"line":100,"column":60}},"45":{"start":{"line":107,"column":0},"end":{"line":128,"column":3}},"46":{"start":{"line":108,"column":2},"end":{"line":127,"column":3}},"47":{"start":{"line":109,"column":21},"end":{"line":120,"column":5}},"48":{"start":{"line":122,"column":19},"end":{"line":122,"column":43}},"49":{"start":{"line":123,"column":4},"end":{"line":123,"column":19}},"50":{"start":{"line":125,"column":4},"end":{"line":125,"column":62}},"51":{"start":{"line":126,"column":4},"end":{"line":126,"column":75}},"52":{"start":{"line":132,"column":0},"end":{"line":161,"column":3}},"53":{"start":{"line":133,"column":89},"end":{"line":133,"column":97}},"54":{"start":{"line":135,"column":2},"end":{"line":160,"column":3}},"55":{"start":{"line":136,"column":27},"end":{"line":136,"column":68}},"56":{"start":{"line":137,"column":33},"end":{"line":137,"column":72}},"57":{"start":{"line":139,"column":4},"end":{"line":141,"column":5}},"58":{"start":{"line":140,"column":6},"end":{"line":140,"column":68}},"59":{"start":{"line":143,"column":21},"end":{"line":143,"column":155}},"60":{"start":{"line":144,"column":21},"end":{"line":154,"column":6}},"61":{"start":{"line":156,"column":4},"end":{"line":156,"column":50}},"62":{"start":{"line":158,"column":4},"end":{"line":158,"column":55}},"63":{"start":{"line":159,"column":4},"end":{"line":159,"column":67}},"64":{"start":{"line":164,"column":0},"end":{"line":198,"column":3}},"65":{"start":{"line":165,"column":17},"end":{"line":165,"column":27}},"66":{"start":{"line":166,"column":72},"end":{"line":166,"column":80}},"67":{"start":{"line":168,"column":2},"end":{"line":197,"column":3}},"68":{"start":{"line":169,"column":21},"end":{"line":180,"column":5}},"69":{"start":{"line":182,"column":4},"end":{"line":191,"column":7}},"70":{"start":{"line":193,"column":4},"end":{"line":193,"column":61}},"71":{"start":{"line":195,"column":4},"end":{"line":195,"column":55}},"72":{"start":{"line":196,"column":4},"end":{"line":196,"column":68}},"73":{"start":{"line":201,"column":0},"end":{"line":211,"column":3}},"74":{"start":{"line":202,"column":17},"end":{"line":202,"column":27}},"75":{"start":{"line":204,"column":2},"end":{"line":210,"column":3}},"76":{"start":{"line":205,"column":4},"end":{"line":205,"column":62}},"77":{"start":{"line":206,"column":4},"end":{"line":206,"column":59}},"78":{"start":{"line":208,"column":4},"end":{"line":208,"column":53}},"79":{"start":{"line":209,"column":4},"end":{"line":209,"column":66}},"80":{"start":{"line":215,"column":0},"end":{"line":226,"column":3}},"81":{"start":{"line":216,"column":43},"end":{"line":216,"column":51}},"82":{"start":{"line":218,"column":2},"end":{"line":225,"column":3}},"83":{"start":{"line":219,"column":21},"end":{"line":219,"column":90}},"84":{"start":{"line":220,"column":21},"end":{"line":220,"column":77}},"85":{"start":{"line":221,"column":4},"end":{"line":221,"column":50}},"86":{"start":{"line":223,"column":4},"end":{"line":223,"column":52}},"87":{"start":{"line":224,"column":4},"end":{"line":224,"column":77}},"88":{"start":{"line":228,"column":0},"end":{"line":239,"column":3}},"89":{"start":{"line":229,"column":17},"end":{"line":229,"column":27}},"90":{"start":{"line":230,"column":43},"end":{"line":230,"column":51}},"91":{"start":{"line":231,"column":2},"end":{"line":238,"column":3}},"92":{"start":{"line":232,"column":21},"end":{"line":232,"column":98}},"93":{"start":{"line":233,"column":4},"end":{"line":233,"column":65}},"94":{"start":{"line":234,"column":4},"end":{"line":234,"column":60}},"95":{"start":{"line":236,"column":4},"end":{"line":236,"column":25}},"96":{"start":{"line":237,"column":4},"end":{"line":237,"column":69}},"97":{"start":{"line":241,"column":0},"end":{"line":250,"column":3}},"98":{"start":{"line":242,"column":17},"end":{"line":242,"column":27}},"99":{"start":{"line":243,"column":2},"end":{"line":249,"column":3}},"100":{"start":{"line":244,"column":4},"end":{"line":244,"column":61}},"101":{"start":{"line":245,"column":4},"end":{"line":245,"column":60}},"102":{"start":{"line":247,"column":4},"end":{"line":247,"column":25}},"103":{"start":{"line":248,"column":4},"end":{"line":248,"column":67}},"104":{"start":{"line":255,"column":0},"end":{"line":277,"column":3}},"105":{"start":{"line":256,"column":2},"end":{"line":276,"column":3}},"106":{"start":{"line":257,"column":22},"end":{"line":270,"column":5}},"107":{"start":{"line":271,"column":19},"end":{"line":271,"column":44}},"108":{"start":{"line":272,"column":4},"end":{"line":272,"column":19}},"109":{"start":{"line":274,"column":4},"end":{"line":274,"column":52}},"110":{"start":{"line":275,"column":4},"end":{"line":275,"column":67}},"111":{"start":{"line":279,"column":0},"end":{"line":283,"column":1}},"112":{"start":{"line":280,"column":2},"end":{"line":282,"column":5}},"113":{"start":{"line":281,"column":4},"end":{"line":281,"column":65}}},"fnMap":{"0":{"name":"(anonymous_0)","decl":{"start":{"line":15,"column":15},"end":{"line":15,"column":16}},"loc":{"start":{"line":15,"column":40},"end":{"line":17,"column":3}},"line":15},"1":{"name":"(anonymous_1)","decl":{"start":{"line":18,"column":12},"end":{"line":18,"column":13}},"loc":{"start":{"line":18,"column":37},"end":{"line":22,"column":3}},"line":18},"2":{"name":"(anonymous_2)","decl":{"start":{"line":36,"column":21},"end":{"line":36,"column":22}},"loc":{"start":{"line":36,"column":41},"end":{"line":44,"column":1}},"line":36},"3":{"name":"(anonymous_3)","decl":{"start":{"line":47,"column":47},"end":{"line":47,"column":48}},"loc":{"start":{"line":47,"column":67},"end":{"line":67,"column":1}},"line":47},"4":{"name":"(anonymous_4)","decl":{"start":{"line":69,"column":50},"end":{"line":69,"column":51}},"loc":{"start":{"line":69,"column":70},"end":{"line":91,"column":1}},"line":69},"5":{"name":"(anonymous_5)","decl":{"start":{"line":93,"column":28},"end":{"line":93,"column":29}},"loc":{"start":{"line":93,"column":48},"end":{"line":102,"column":1}},"line":93},"6":{"name":"(anonymous_6)","decl":{"start":{"line":107,"column":25},"end":{"line":107,"column":26}},"loc":{"start":{"line":107,"column":45},"end":{"line":128,"column":1}},"line":107},"7":{"name":"(anonymous_7)","decl":{"start":{"line":132,"column":26},"end":{"line":132,"column":27}},"loc":{"start":{"line":132,"column":46},"end":{"line":161,"column":1}},"line":132},"8":{"name":"(anonymous_8)","decl":{"start":{"line":164,"column":29},"end":{"line":164,"column":30}},"loc":{"start":{"line":164,"column":49},"end":{"line":198,"column":1}},"line":164},"9":{"name":"(anonymous_9)","decl":{"start":{"line":201,"column":32},"end":{"line":201,"column":33}},"loc":{"start":{"line":201,"column":52},"end":{"line":211,"column":1}},"line":201},"10":{"name":"(anonymous_10)","decl":{"start":{"line":215,"column":25},"end":{"line":215,"column":26}},"loc":{"start":{"line":215,"column":45},"end":{"line":226,"column":1}},"line":215},"11":{"name":"(anonymous_11)","decl":{"start":{"line":228,"column":28},"end":{"line":228,"column":29}},"loc":{"start":{"line":228,"column":48},"end":{"line":239,"column":1}},"line":228},"12":{"name":"(anonymous_12)","decl":{"start":{"line":241,"column":31},"end":{"line":241,"column":32}},"loc":{"start":{"line":241,"column":51},"end":{"line":250,"column":1}},"line":241},"13":{"name":"(anonymous_13)","decl":{"start":{"line":255,"column":31},"end":{"line":255,"column":32}},"loc":{"start":{"line":255,"column":51},"end":{"line":277,"column":1}},"line":255},"14":{"name":"(anonymous_14)","decl":{"start":{"line":280,"column":19},"end":{"line":280,"column":20}},"loc":{"start":{"line":280,"column":25},"end":{"line":282,"column":3}},"line":280}},"branchMap":{"0":{"loc":{"start":{"line":9,"column":13},"end":{"line":9,"column":37}},"type":"binary-expr","locations":[{"start":{"line":9,"column":13},"end":{"line":9,"column":29}},{"start":{"line":9,"column":33},"end":{"line":9,"column":37}}],"line":9},"1":{"loc":{"start":{"line":49,"column":0},"end":{"line":51,"column":1}},"type":"if","locations":[{"start":{"line":49,"column":0},"end":{"line":51,"column":1}},{"start":{},"end":{}}],"line":49},"2":{"loc":{"start":{"line":49,"column":4},"end":{"line":49,"column":56}},"type":"binary-expr","locations":[{"start":{"line":49,"column":4},"end":{"line":49,"column":9}},{"start":{"line":49,"column":13},"end":{"line":49,"column":21}},{"start":{"line":49,"column":25},"end":{"line":49,"column":31}},{"start":{"line":49,"column":35},"end":{"line":49,"column":45}},{"start":{"line":49,"column":49},"end":{"line":49,"column":56}}],"line":49},"3":{"loc":{"start":{"line":53,"column":21},"end":{"line":53,"column":70}},"type":"cond-expr","locations":[{"start":{"line":53,"column":32},"end":{"line":53,"column":63}},{"start":{"line":53,"column":66},"end":{"line":53,"column":70}}],"line":53},"4":{"loc":{"start":{"line":74,"column":4},"end":{"line":85,"column":5}},"type":"if","locations":[{"start":{"line":74,"column":4},"end":{"line":85,"column":5}},{"start":{"line":80,"column":11},"end":{"line":85,"column":5}}],"line":74},"5":{"loc":{"start":{"line":139,"column":4},"end":{"line":141,"column":5}},"type":"if","locations":[{"start":{"line":139,"column":4},"end":{"line":141,"column":5}},{"start":{},"end":{}}],"line":139},"6":{"loc":{"start":{"line":146,"column":6},"end":{"line":146,"column":23}},"type":"binary-expr","locations":[{"start":{"line":146,"column":6},"end":{"line":146,"column":15}},{"start":{"line":146,"column":19},"end":{"line":146,"column":23}}],"line":146},"7":{"loc":{"start":{"line":148,"column":6},"end":{"line":148,"column":22}},"type":"binary-expr","locations":[{"start":{"line":148,"column":6},"end":{"line":148,"column":14}},{"start":{"line":148,"column":18},"end":{"line":148,"column":22}}],"line":148},"8":{"loc":{"start":{"line":149,"column":6},"end":{"line":149,"column":22}},"type":"binary-expr","locations":[{"start":{"line":149,"column":6},"end":{"line":149,"column":14}},{"start":{"line":149,"column":18},"end":{"line":149,"column":22}}],"line":149},"9":{"loc":{"start":{"line":150,"column":6},"end":{"line":150,"column":23}},"type":"binary-expr","locations":[{"start":{"line":150,"column":6},"end":{"line":150,"column":15}},{"start":{"line":150,"column":19},"end":{"line":150,"column":23}}],"line":150},"10":{"loc":{"start":{"line":151,"column":6},"end":{"line":151,"column":20}},"type":"binary-expr","locations":[{"start":{"line":151,"column":6},"end":{"line":151,"column":12}},{"start":{"line":151,"column":16},"end":{"line":151,"column":20}}],"line":151},"11":{"loc":{"start":{"line":152,"column":6},"end":{"line":152,"column":20}},"type":"binary-expr","locations":[{"start":{"line":152,"column":6},"end":{"line":152,"column":12}},{"start":{"line":152,"column":16},"end":{"line":152,"column":20}}],"line":152},"12":{"loc":{"start":{"line":153,"column":6},"end":{"line":153,"column":17}},"type":"binary-expr","locations":[{"start":{"line":153,"column":6},"end":{"line":153,"column":9}},{"start":{"line":153,"column":13},"end":{"line":153,"column":17}}],"line":153},"13":{"loc":{"start":{"line":279,"column":0},"end":{"line":283,"column":1}},"type":"if","locations":[{"start":{"line":279,"column":0},"end":{"line":283,"column":1}},{"start":{},"end":{}}],"line":279}},"s":{"0":3,"1":3,"2":3,"3":3,"4":3,"5":0,"6":0,"7":0,"8":3,"9":3,"10":3,"11":3,"12":2,"13":2,"14":2,"15":0,"16":0,"17":3,"18":3,"19":3,"20":1,"21":2,"22":2,"23":2,"24":0,"25":2,"26":2,"27":3,"28":1,"29":1,"30":1,"31":1,"32":0,"33":0,"34":1,"35":1,"36":0,"37":0,"38":3,"39":1,"40":1,"41":1,"42":0,"43":1,"44":1,"45":3,"46":0,"47":0,"48":0,"49":0,"50":0,"51":0,"52":3,"53":1,"54":1,"55":1,"56":1,"57":1,"58":0,"59":1,"60":1,"61":1,"62":0,"63":0,"64":3,"65":0,"66":0,"67":0,"68":0,"69":0,"70":0,"71":0,"72":0,"73":3,"74":0,"75":0,"76":0,"77":0,"78":0,"79":0,"80":3,"81":0,"82":0,"83":0,"84":0,"85":0,"86":0,"87":0,"88":3,"89":0,"90":0,"91":0,"92":0,"93":0,"94":0,"95":0,"96":0,"97":3,"98":0,"99":0,"100":0,"101":0,"102":0,"103":0,"104":3,"105":1,"106":1,"107":1,"108":1,"109":0,"110":0,"111":3,"112":0,"113":0},"f":{"0":0,"1":0,"2":2,"3":3,"4":1,"5":1,"6":0,"7":1,"8":0,"9":0,"10":0,"11":0,"12":0,"13":1,"14":0},"b":{"0":[3,0],"1":[1,2],"2":[3,2,2,2,2],"3":[0,2],"4":[0,1],"5":[0,1],"6":[1,0],"7":[1,0],"8":[1,0],"9":[1,1],"10":[1,0],"11":[1,0],"12":[1,0],"13":[0,3]},"_coverageSchema":"1a1c01bbd47fc00a2c39e90264f33305004495a9","hash":"84ed9892fa7deda47ecb11aa62d78a22ab7216d4"}
}
