TN:
SF:server.js
FN:15,(anonymous_0)
FN:18,(anonymous_1)
FN:36,(anonymous_2)
FN:47,(anonymous_3)
FN:69,(anonymous_4)
FN:93,(anonymous_5)
FN:107,(anonymous_6)
FN:132,(anonymous_7)
FN:164,(anonymous_8)
FN:201,(anonymous_9)
FN:215,(anonymous_10)
FN:228,(anonymous_11)
FN:241,(anonymous_12)
FN:255,(anonymous_13)
FN:280,(anonymous_14)
FNF:15
FNH:6
FNDA:0,(anonymous_0)
FNDA:0,(anonymous_1)
FNDA:2,(anonymous_2)
FNDA:3,(anonymous_3)
FNDA:1,(anonymous_4)
FNDA:1,(anonymous_5)
FNDA:0,(anonymous_6)
FNDA:1,(anonymous_7)
FNDA:0,(anonymous_8)
FNDA:0,(anonymous_9)
FNDA:0,(anonymous_10)
FNDA:0,(anonymous_11)
FNDA:0,(anonymous_12)
FNDA:1,(anonymous_13)
FNDA:0,(anonymous_14)
DA:8,3
DA:9,3
DA:11,3
DA:12,3
DA:14,3
DA:16,0
DA:20,0
DA:21,0
DA:24,3
DA:26,3
DA:33,3
DA:36,3
DA:37,2
DA:38,2
DA:39,2
DA:41,0
DA:42,0
DA:47,3
DA:48,3
DA:49,3
DA:50,1
DA:53,2
DA:55,2
DA:56,2
DA:60,0
DA:64,2
DA:65,2
DA:69,3
DA:70,1
DA:71,1
DA:73,1
DA:74,1
DA:75,0
DA:76,0
DA:81,1
DA:86,1
DA:88,0
DA:89,0
DA:93,3
DA:94,1
DA:95,1
DA:96,1
DA:97,0
DA:99,1
DA:100,1
DA:107,3
DA:108,0
DA:109,0
DA:122,0
DA:123,0
DA:125,0
DA:126,0
DA:132,3
DA:133,1
DA:135,1
DA:136,1
DA:137,1
DA:139,1
DA:140,0
DA:143,1
DA:144,1
DA:156,1
DA:158,0
DA:159,0
DA:164,3
DA:165,0
DA:166,0
DA:168,0
DA:169,0
DA:182,0
DA:193,0
DA:195,0
DA:196,0
DA:201,3
DA:202,0
DA:204,0
DA:205,0
DA:206,0
DA:208,0
DA:209,0
DA:215,3
DA:216,0
DA:218,0
DA:219,0
DA:220,0
DA:221,0
DA:223,0
DA:224,0
DA:228,3
DA:229,0
DA:230,0
DA:231,0
DA:232,0
DA:233,0
DA:234,0
DA:236,0
DA:237,0
DA:241,3
DA:242,0
DA:243,0
DA:244,0
DA:245,0
DA:247,0
DA:248,0
DA:255,3
DA:256,1
DA:257,1
DA:271,1
DA:272,1
DA:274,0
DA:275,0
DA:279,3
DA:280,0
DA:281,0
LF:114
LH:55
BRDA:9,0,0,3
BRDA:9,0,1,0
BRDA:49,1,0,1
BRDA:49,1,1,2
BRDA:49,2,0,3
BRDA:49,2,1,2
BRDA:49,2,2,2
BRDA:49,2,3,2
BRDA:49,2,4,2
BRDA:53,3,0,0
BRDA:53,3,1,2
BRDA:74,4,0,0
BRDA:74,4,1,1
BRDA:139,5,0,0
BRDA:139,5,1,1
BRDA:146,6,0,1
BRDA:146,6,1,0
BRDA:148,7,0,1
BRDA:148,7,1,0
BRDA:149,8,0,1
BRDA:149,8,1,0
BRDA:150,9,0,1
BRDA:150,9,1,1
BRDA:151,10,0,1
BRDA:151,10,1,0
BRDA:152,11,0,1
BRDA:152,11,1,0
BRDA:153,12,0,1
BRDA:153,12,1,0
BRDA:279,13,0,0
BRDA:279,13,1,3
BRF:31
BRH:20
end_of_record
